Using pre-set license
Built from '2020.2/staging' branch; Version is '2020.2.5f1 (e2c53f129de5) revision 14861631'; Using compiler version '192528614'; Build Type 'Release'
OS: 'Windows 10 Home Single Language; OS build 19044.1706; Version 2009; 64bit' Language: 'en' Physical Memory: 8074 MB
BatchMode: 1, IsHumanControllingUs: 0, StartBugReporterOnCrash: 0, Is64bit: 1, IsPro: 0

 COMMAND LINE ARGUMENTS:
D:\Unity Editors\Unity 2020.2.5f1\Editor\Unity.exe
-adb2
-batchMode
-noUpm
-name
AssetImportWorker1
-projectPath
D:/Game Development/Unity Developer Folder/Repos/Complete Unity Game Developer 3D/Project Folders/4_Kingdom_Rush/Kingdom Rush
-logFile
Logs/AssetImportWorker1.log
-srvPort
58649
Successfully changed project path to: D:/Game Development/Unity Developer Folder/Repos/Complete Unity Game Developer 3D/Project Folders/4_Kingdom_Rush/Kingdom Rush
D:/Game Development/Unity Developer Folder/Repos/Complete Unity Game Developer 3D/Project Folders/4_Kingdom_Rush/Kingdom Rush
Using Asset Import Pipeline V2.
Refreshing native plugins compatible for Editor in 153.42 ms, found 0 plugins.
Preloading 0 native plugins for Editor in 0.00 ms.
Initialize engine version: 2020.2.5f1 (e2c53f129de5)
[Subsystems] Discovering subsystems at path D:/Unity Editors/Unity 2020.2.5f1/Editor/Data/Resources/UnitySubsystems
[Subsystems] Discovering subsystems at path D:/Game Development/Unity Developer Folder/Repos/Complete Unity Game Developer 3D/Project Folders/4_Kingdom_Rush/Kingdom Rush/Assets
GfxDevice: creating device client; threaded=0
Direct3D:
    Version:  Direct3D 11.0 [level 11.1]
    Renderer: Intel(R) UHD Graphics 620 (ID=0x5917)
    Vendor:   
    VRAM:     4037 MB
    Driver:   30.0.101.1340
Initialize mono
Mono path[0] = 'D:/Unity Editors/Unity 2020.2.5f1/Editor/Data/Managed'
Mono path[1] = 'D:/Unity Editors/Unity 2020.2.5f1/Editor/Data/MonoBleedingEdge/lib/mono/unityjit'
Mono config path = 'D:/Unity Editors/Unity 2020.2.5f1/Editor/Data/MonoBleedingEdge/etc'
Using monoOptions --debugger-agent=transport=dt_socket,embedding=1,server=y,suspend=n,address=127.0.0.1:56952
Begin MonoManager ReloadAssembly
