Using pre-set license
Built from '2020.2/staging' branch; Version is '2020.2.5f1 (e2c53f129de5) revision 14861631'; Using compiler version '192528614'; Build Type 'Release'
OS: 'Windows 10 Home Single Language; OS build 19044.1706; Version 2009; 64bit' Language: 'en' Physical Memory: 8074 MB
BatchMode: 1, IsHumanControllingUs: 0, StartBugReporterOnCrash: 0, Is64bit: 1, IsPro: 0

 COMMAND LINE ARGUMENTS:
D:\Unity Editors\Unity 2020.2.5f1\Editor\Unity.exe
-adb2
-batchMode
-noUpm
-name
AssetImportWorker0
-projectPath
D:/Game Development/Unity Developer Folder/Repos/Complete Unity Game Developer 3D/Project Folders/4_Kingdom_Rush/Kingdom Rush
-logFile
Logs/AssetImportWorker0.log
-srvPort
60816
Successfully changed project path to: D:/Game Development/Unity Developer Folder/Repos/Complete Unity Game Developer 3D/Project Folders/4_Kingdom_Rush/Kingdom Rush
D:/Game Development/Unity Developer Folder/Repos/Complete Unity Game Developer 3D/Project Folders/4_Kingdom_Rush/Kingdom Rush
Using Asset Import Pipeline V2.
Refreshing native plugins compatible for Editor in 26.21 ms, found 0 plugins.
Preloading 0 native plugins for Editor in 0.00 ms.
Initialize engine version: 2020.2.5f1 (e2c53f129de5)
[Subsystems] Discovering subsystems at path D:/Unity Editors/Unity 2020.2.5f1/Editor/Data/Resources/UnitySubsystems
[Subsystems] Discovering subsystems at path D:/Game Development/Unity Developer Folder/Repos/Complete Unity Game Developer 3D/Project Folders/4_Kingdom_Rush/Kingdom Rush/Assets
GfxDevice: creating device client; threaded=0
Direct3D:
    Version:  Direct3D 11.0 [level 11.1]
    Renderer: Intel(R) UHD Graphics 620 (ID=0x5917)
    Vendor:   
    VRAM:     4037 MB
    Driver:   30.0.101.1340
Initialize mono
Mono path[0] = 'D:/Unity Editors/Unity 2020.2.5f1/Editor/Data/Managed'
Mono path[1] = 'D:/Unity Editors/Unity 2020.2.5f1/Editor/Data/MonoBleedingEdge/lib/mono/unityjit'
Mono config path = 'D:/Unity Editors/Unity 2020.2.5f1/Editor/Data/MonoBleedingEdge/etc'
Using monoOptions --debugger-agent=transport=dt_socket,embedding=1,server=y,suspend=n,address=127.0.0.1:56348
Begin MonoManager ReloadAssembly
Registering precompiled unity dll's ...
Register platform support module: D:/Unity Editors/Unity 2020.2.5f1/Editor/Data/PlaybackEngines/WebGLSupport/UnityEditor.WebGL.Extensions.dll
Register platform support module: D:/Unity Editors/Unity 2020.2.5f1/Editor/Data/PlaybackEngines/WindowsStandaloneSupport/UnityEditor.WindowsStandalone.Extensions.dll
Registered in 0.001325 seconds.
Native extension for WindowsStandalone target not found
Native extension for WebGL target not found
Refreshing native plugins compatible for Editor in 25.98 ms, found 0 plugins.
Preloading 0 native plugins for Editor in 0.00 ms.
Invoked RoslynAnalysisRunner static constructor.
RoslynAnalysisRunner will not be running.
RoslynAnalysisRunner has terminated.
Mono: successfully reloaded assembly
- Completed reload, in  1.461 seconds
Platform modules already initialized, skipping
Registering precompiled user dll's ...
Registered in 0.000521 seconds.
Begin MonoManager ReloadAssembly
Native extension for WindowsStandalone target not found
Native extension for WebGL target not found
Refreshing native plugins compatible for Editor in 0.27 ms, found 0 plugins.
Preloading 0 native plugins for Editor in 0.00 ms.
Invoked RoslynAnalysisRunner static constructor.
RoslynAnalysisRunner will not be running.
RoslynAnalysisRunner has terminated.
Mono: successfully reloaded assembly
- Completed reload, in  0.863 seconds
Platform modules already initialized, skipping
========================================================================
Worker process is ready to serve import requests
Launched and connected shader compiler UnityShaderCompiler.exe after 0.04 seconds
Refreshing native plugins compatible for Editor in 0.23 ms, found 0 plugins.
Preloading 0 native plugins for Editor in 0.00 ms.
Unloading 1126 Unused Serialized files (Serialized files now loaded: 0)
System memory in use before: 59.8 MB.
System memory in use after: 59.8 MB.

Unloading 10 unused Assets to reduce memory usage. Loaded Objects now: 1568.
Total: 1.905600 ms (FindLiveObjects: 0.136400 ms CreateObjectMapping: 0.031500 ms MarkObjects: 1.658600 ms  DeleteObjects: 0.078000 ms)

========================================================================
Received Import Request.
  path: Assets/Tiles/Tile_RoadCorner90.prefab
  artifactKey: Guid(ead0c8a6c81cd1c44a951d01ecc9be3a) Importer(815301076,1909f56bfc062723c751e8b465ee728b)
Start importing Assets/Tiles/Tile_RoadCorner90.prefab using Guid(ead0c8a6c81cd1c44a951d01ecc9be3a) Importer(815301076,1909f56bfc062723c751e8b465ee728b)  -> (artifact id: '7801b8ff8ebea9050f5f93de55771bc3') in 0.338163 seconds
  Import took 0.357837 seconds .

========================================================================
Received Import Request.
  Time since last request: 0.000367 seconds.
  path: Assets/Tiles/Tile_RoadStraight90.prefab
  artifactKey: Guid(25e7f24b9e119cf4e822fce3a5cb31ec) Importer(815301076,1909f56bfc062723c751e8b465ee728b)
Start importing Assets/Tiles/Tile_RoadStraight90.prefab using Guid(25e7f24b9e119cf4e822fce3a5cb31ec) Importer(815301076,1909f56bfc062723c751e8b465ee728b)  -> (artifact id: 'c874355e28b2a2df7ee1a82b66764fcf') in 0.049902 seconds
  Import took 0.069842 seconds .

========================================================================
Received Import Request.
  Time since last request: 0.000295 seconds.
  path: Assets/Tiles/Tile_RoadCorner.prefab
  artifactKey: Guid(6f5c690b82ac9ee4c9292083f03f5f53) Importer(815301076,1909f56bfc062723c751e8b465ee728b)
Start importing Assets/Tiles/Tile_RoadCorner.prefab using Guid(6f5c690b82ac9ee4c9292083f03f5f53) Importer(815301076,1909f56bfc062723c751e8b465ee728b)  -> (artifact id: '526aa68a820f6428d1ac236d72c356ce') in 0.047016 seconds
  Import took 0.049879 seconds .

========================================================================
Received Import Request.
  Time since last request: 0.000310 seconds.
  path: Assets/Tiles/Tile_RoadCorner270.prefab
  artifactKey: Guid(f8b9643671cec68478a3e739d1cd6f7d) Importer(815301076,1909f56bfc062723c751e8b465ee728b)
Start importing Assets/Tiles/Tile_RoadCorner270.prefab using Guid(f8b9643671cec68478a3e739d1cd6f7d) Importer(815301076,1909f56bfc062723c751e8b465ee728b)  -> (artifact id: '49bd0154eb038763d10409bda014083f') in 0.050870 seconds
  Import took 0.053370 seconds .

========================================================================
Received Import Request.
  Time since last request: 0.000385 seconds.
  path: Assets/Tiles/Tile_RoadCorner180.prefab
  artifactKey: Guid(955db8d06c0425c43961f3679a4010a5) Importer(815301076,1909f56bfc062723c751e8b465ee728b)
Start importing Assets/Tiles/Tile_RoadCorner180.prefab using Guid(955db8d06c0425c43961f3679a4010a5) Importer(815301076,1909f56bfc062723c751e8b465ee728b)  -> (artifact id: '3d1104596081daa8af98e42fdc56ca7a') in 0.065571 seconds
  Import took 0.070432 seconds .

========================================================================
Received Import Request.
  Time since last request: 0.000588 seconds.
  path: Assets/Tiles/Tile_RoadStraight.prefab
  artifactKey: Guid(f0a3abed39f9548429ca96a011792f06) Importer(815301076,1909f56bfc062723c751e8b465ee728b)
Start importing Assets/Tiles/Tile_RoadStraight.prefab using Guid(f0a3abed39f9548429ca96a011792f06) Importer(815301076,1909f56bfc062723c751e8b465ee728b)  -> (artifact id: '8eb6be37b96a84e8775dc1733391ae9d') in 0.054668 seconds
  Import took 0.080043 seconds .

========================================================================
Received Import Request.
  Time since last request: 0.000692 seconds.
  path: Assets/Tiles/Tile.prefab
  artifactKey: Guid(396cce7993a0ef84bbe2362420e65317) Importer(815301076,1909f56bfc062723c751e8b465ee728b)
Start importing Assets/Tiles/Tile.prefab using Guid(396cce7993a0ef84bbe2362420e65317) Importer(815301076,1909f56bfc062723c751e8b465ee728b)  -> (artifact id: 'c7507456c9ba3feefeff75f4cecefa96') in 0.060347 seconds
  Import took 0.065211 seconds .

========================================================================
Received Import Request.
  Time since last request: 20.975637 seconds.
  path: Assets/Bank/Bank.cs
  artifactKey: Guid(fff4b227e9e11c046826547a848a99f1) Importer(815301076,1909f56bfc062723c751e8b465ee728b)
Start importing Assets/Bank/Bank.cs using Guid(fff4b227e9e11c046826547a848a99f1) Importer(815301076,1909f56bfc062723c751e8b465ee728b)  -> (artifact id: '1a99ee1d680567a43e025f7ed450e030') in 0.197739 seconds
  Import took 0.236069 seconds .

========================================================================
Received Import Request.
  Time since last request: 2.352239 seconds.
  path: Assets/Enemy/Enemy.cs
  artifactKey: Guid(852e55c3a43e0fc4c909a8e6eb689a1f) Importer(815301076,1909f56bfc062723c751e8b465ee728b)
Start importing Assets/Enemy/Enemy.cs using Guid(852e55c3a43e0fc4c909a8e6eb689a1f) Importer(815301076,1909f56bfc062723c751e8b465ee728b)  -> (artifact id: '84813a66103511b3448e815ec54d1233') in 0.000994 seconds
  Import took 0.002899 seconds .

========================================================================
Received Import Request.
  Time since last request: 0.168641 seconds.
  path: Assets/Enemy/Enemy.cs
  artifactKey: Guid(852e55c3a43e0fc4c909a8e6eb689a1f) Importer(815301076,1909f56bfc062723c751e8b465ee728b)
Start importing Assets/Enemy/Enemy.cs using Guid(852e55c3a43e0fc4c909a8e6eb689a1f) Importer(815301076,1909f56bfc062723c751e8b465ee728b)  -> (artifact id: '84813a66103511b3448e815ec54d1233') in 0.001660 seconds
  Import took 0.004286 seconds .

========================================================================
Received Prepare
Registering precompiled user dll's ...
Registered in 0.000510 seconds.
Begin MonoManager ReloadAssembly
Native extension for WindowsStandalone target not found
Native extension for WebGL target not found
Refreshing native plugins compatible for Editor in 0.27 ms, found 0 plugins.
Preloading 0 native plugins for Editor in 0.00 ms.
Invoked RoslynAnalysisRunner static constructor.
RoslynAnalysisRunner will not be running.
RoslynAnalysisRunner has terminated.
Mono: successfully reloaded assembly
- Completed reload, in  0.825 seconds
Platform modules already initialized, skipping
Refreshing native plugins compatible for Editor in 0.24 ms, found 0 plugins.
Preloading 0 native plugins for Editor in 0.00 ms.
Unloading 1108 Unused Serialized files (Serialized files now loaded: 0)
System memory in use before: 62.2 MB.
System memory in use after: 62.3 MB.

Unloading 5 unused Assets to reduce memory usage. Loaded Objects now: 1577.
Total: 1.996000 ms (FindLiveObjects: 0.150000 ms CreateObjectMapping: 0.068900 ms MarkObjects: 1.715900 ms  DeleteObjects: 0.059800 ms)

========================================================================
Received Import Request.
  Time since last request: 2457.523224 seconds.
  path: Assets/Tiles/Tile_Shore.prefab
  artifactKey: Guid(c8f21323998ff8f419d4352664d36d50) Importer(815301076,1909f56bfc062723c751e8b465ee728b)
Start importing Assets/Tiles/Tile_Shore.prefab using Guid(c8f21323998ff8f419d4352664d36d50) Importer(815301076,1909f56bfc062723c751e8b465ee728b)  -> (artifact id: '4fffbd1cbdf1b79523283aa6a5a4cc45') in 0.138937 seconds
  Import took 0.164449 seconds .

========================================================================
Received Import Request.
  Time since last request: 24.000396 seconds.
  path: Assets/Tiles/Tile_Shore.prefab
  artifactKey: Guid(c8f21323998ff8f419d4352664d36d50) Importer(815301076,1909f56bfc062723c751e8b465ee728b)
Start importing Assets/Tiles/Tile_Shore.prefab using Guid(c8f21323998ff8f419d4352664d36d50) Importer(815301076,1909f56bfc062723c751e8b465ee728b)  -> (artifact id: 'e4a6a32d5671ec20a723905838213293') in 0.041325 seconds
  Import took 0.054977 seconds .

========================================================================
Received Import Request.
  Time since last request: 3.016586 seconds.
  path: Assets/Tiles/Tile_Shore.prefab
  artifactKey: Guid(c8f21323998ff8f419d4352664d36d50) Importer(815301076,1909f56bfc062723c751e8b465ee728b)
Start importing Assets/Tiles/Tile_Shore.prefab using Guid(c8f21323998ff8f419d4352664d36d50) Importer(815301076,1909f56bfc062723c751e8b465ee728b)  -> (artifact id: '285bed44dc6e4604ceffc9a28ecd989e') in 0.037380 seconds
  Import took 0.041276 seconds .

========================================================================
Received Import Request.
  Time since last request: 3.209360 seconds.
  path: Assets/Tiles/Tile_Shore.prefab
  artifactKey: Guid(c8f21323998ff8f419d4352664d36d50) Importer(815301076,1909f56bfc062723c751e8b465ee728b)
Start importing Assets/Tiles/Tile_Shore.prefab using Guid(c8f21323998ff8f419d4352664d36d50) Importer(815301076,1909f56bfc062723c751e8b465ee728b)  -> (artifact id: '4c831a5aa17456d51b7baff017ec3973') in 0.046467 seconds
  Import took 0.070341 seconds .

========================================================================
Received Import Request.
  Time since last request: 3.948200 seconds.
  path: Assets/Tiles/Tile_Shore.prefab
  artifactKey: Guid(c8f21323998ff8f419d4352664d36d50) Importer(815301076,1909f56bfc062723c751e8b465ee728b)
Start importing Assets/Tiles/Tile_Shore.prefab using Guid(c8f21323998ff8f419d4352664d36d50) Importer(815301076,1909f56bfc062723c751e8b465ee728b)  -> (artifact id: 'eb1632481ff865be2874432b9dcfeb99') in 0.034837 seconds
  Import took 0.046527 seconds .

========================================================================
Received Import Request.
  Time since last request: 3.839522 seconds.
  path: Assets/Tiles/Tile_Shore.prefab
  artifactKey: Guid(c8f21323998ff8f419d4352664d36d50) Importer(815301076,1909f56bfc062723c751e8b465ee728b)
Start importing Assets/Tiles/Tile_Shore.prefab using Guid(c8f21323998ff8f419d4352664d36d50) Importer(815301076,1909f56bfc062723c751e8b465ee728b)  -> (artifact id: '0e1232a656441340155515b7279e59e1') in 0.037392 seconds
  Import took 0.060145 seconds .

========================================================================
Received Import Request.
  Time since last request: 26.668466 seconds.
  path: Assets/Tiles/Tile_Shore.prefab
  artifactKey: Guid(c8f21323998ff8f419d4352664d36d50) Importer(815301076,1909f56bfc062723c751e8b465ee728b)
Start importing Assets/Tiles/Tile_Shore.prefab using Guid(c8f21323998ff8f419d4352664d36d50) Importer(815301076,1909f56bfc062723c751e8b465ee728b)  -> (artifact id: 'd2c36cd41bc00cdc3dd33e31335d3652') in 0.037552 seconds
  Import took 0.045483 seconds .

========================================================================
Received Import Request.
  Time since last request: 9.850250 seconds.
  path: Assets/Tiles/Tile_Shore.prefab
  artifactKey: Guid(c8f21323998ff8f419d4352664d36d50) Importer(815301076,1909f56bfc062723c751e8b465ee728b)
Start importing Assets/Tiles/Tile_Shore.prefab using Guid(c8f21323998ff8f419d4352664d36d50) Importer(815301076,1909f56bfc062723c751e8b465ee728b)  -> (artifact id: '321eba54273d35ae75b15107bacb1392') in 0.034637 seconds
  Import took 0.066829 seconds .

========================================================================
Received Import Request.
  Time since last request: 13.940879 seconds.
  path: Assets/Tiles/Tile_Shore Variant.prefab
  artifactKey: Guid(60a0a493bd80cd347b4418021ca6f41b) Importer(815301076,1909f56bfc062723c751e8b465ee728b)
Start importing Assets/Tiles/Tile_Shore Variant.prefab using Guid(60a0a493bd80cd347b4418021ca6f41b) Importer(815301076,1909f56bfc062723c751e8b465ee728b)  -> (artifact id: '0735210fa4e3a44a36a8391a02343691') in 0.037965 seconds
  Import took 0.045724 seconds .

========================================================================
Received Import Request.
  Time since last request: 11.219980 seconds.
  path: Assets/Tiles/Tile_Shore Variant.prefab
  artifactKey: Guid(60a0a493bd80cd347b4418021ca6f41b) Importer(815301076,1909f56bfc062723c751e8b465ee728b)
Start importing Assets/Tiles/Tile_Shore Variant.prefab using Guid(60a0a493bd80cd347b4418021ca6f41b) Importer(815301076,1909f56bfc062723c751e8b465ee728b)  -> (artifact id: '22863c389788346d6a8c66465df68fd4') in 0.037860 seconds
  Import took 0.062250 seconds .

========================================================================
Received Import Request.
  Time since last request: 4.621385 seconds.
  path: Assets/Tiles/Tile_Shore Variant.prefab
  artifactKey: Guid(60a0a493bd80cd347b4418021ca6f41b) Importer(815301076,1909f56bfc062723c751e8b465ee728b)
Start importing Assets/Tiles/Tile_Shore Variant.prefab using Guid(60a0a493bd80cd347b4418021ca6f41b) Importer(815301076,1909f56bfc062723c751e8b465ee728b)  -> (artifact id: '68e77ad1b0b1d0f8696e400bcfa4a9a6') in 0.037080 seconds
  Import took 0.041773 seconds .

========================================================================
Received Import Request.
  Time since last request: 4.613783 seconds.
  path: Assets/Tiles/Tile_Shore Variant.prefab
  artifactKey: Guid(60a0a493bd80cd347b4418021ca6f41b) Importer(815301076,1909f56bfc062723c751e8b465ee728b)
Start importing Assets/Tiles/Tile_Shore Variant.prefab using Guid(60a0a493bd80cd347b4418021ca6f41b) Importer(815301076,1909f56bfc062723c751e8b465ee728b)  -> (artifact id: '7031d7193d294e0aea84d738f02dc77a') in 0.038134 seconds
  Import took 0.045685 seconds .

========================================================================
Received Import Request.
  Time since last request: 20.588683 seconds.
  path: Assets/Tiles/Tile_ShoreHalf.prefab
  artifactKey: Guid(60a0a493bd80cd347b4418021ca6f41b) Importer(815301076,1909f56bfc062723c751e8b465ee728b)
Start importing Assets/Tiles/Tile_ShoreHalf.prefab using Guid(60a0a493bd80cd347b4418021ca6f41b) Importer(815301076,1909f56bfc062723c751e8b465ee728b)  -> (artifact id: 'fd2c90d4b98f501c7e3f9d6159ac1b2a') in 0.034655 seconds
  Import took 0.060625 seconds .

========================================================================
Received Import Request.
  Time since last request: 11.782632 seconds.
  path: Assets/Tiles/Tile_Shore Variant.prefab
  artifactKey: Guid(704f458f5d3a048499d10cac2325ed74) Importer(815301076,1909f56bfc062723c751e8b465ee728b)
Start importing Assets/Tiles/Tile_Shore Variant.prefab using Guid(704f458f5d3a048499d10cac2325ed74) Importer(815301076,1909f56bfc062723c751e8b465ee728b)  -> (artifact id: '1957dd779af8c8a17ce0c09945505330') in 0.033740 seconds
  Import took 0.037315 seconds .

========================================================================
Received Import Request.
  Time since last request: 13.252534 seconds.
  path: Assets/Tiles/Tile_Shore Variant.prefab
  artifactKey: Guid(704f458f5d3a048499d10cac2325ed74) Importer(815301076,1909f56bfc062723c751e8b465ee728b)
Start importing Assets/Tiles/Tile_Shore Variant.prefab using Guid(704f458f5d3a048499d10cac2325ed74) Importer(815301076,1909f56bfc062723c751e8b465ee728b)  -> (artifact id: '1c850124a0e1867e868b3804314e91dd') in 0.036271 seconds
  Import took 0.084861 seconds .

========================================================================
Received Import Request.
  Time since last request: 17.828739 seconds.
  path: Assets/Tiles/Tile_Shore Variant.prefab
  artifactKey: Guid(704f458f5d3a048499d10cac2325ed74) Importer(815301076,1909f56bfc062723c751e8b465ee728b)
Start importing Assets/Tiles/Tile_Shore Variant.prefab using Guid(704f458f5d3a048499d10cac2325ed74) Importer(815301076,1909f56bfc062723c751e8b465ee728b)  -> (artifact id: 'cbbfcd73365326ccfba9c25e17cdc3e7') in 0.043548 seconds
  Import took 0.057062 seconds .

========================================================================
Received Import Request.
  Time since last request: 4.983815 seconds.
  path: Assets/Tiles/Tile_Shore Variant.prefab
  artifactKey: Guid(704f458f5d3a048499d10cac2325ed74) Importer(815301076,1909f56bfc062723c751e8b465ee728b)
Start importing Assets/Tiles/Tile_Shore Variant.prefab using Guid(704f458f5d3a048499d10cac2325ed74) Importer(815301076,1909f56bfc062723c751e8b465ee728b)  -> (artifact id: 'a4672f08b48ad945ec46c5a8d74afb94') in 0.036947 seconds
  Import took 0.136902 seconds .

========================================================================
Received Import Request.
  Time since last request: 9.105845 seconds.
  path: Assets/Tiles/Tile_ShoreHalf2.prefab
  artifactKey: Guid(704f458f5d3a048499d10cac2325ed74) Importer(815301076,1909f56bfc062723c751e8b465ee728b)
Start importing Assets/Tiles/Tile_ShoreHalf2.prefab using Guid(704f458f5d3a048499d10cac2325ed74) Importer(815301076,1909f56bfc062723c751e8b465ee728b)  -> (artifact id: '06ea511c5f851ea435506d9f8856c946') in 0.035409 seconds
  Import took 0.038906 seconds .

========================================================================
Received Import Request.
  Time since last request: 7.644901 seconds.
  path: Assets/Tiles/Tile_Shore Variant.prefab
  artifactKey: Guid(08e4e33fff9ffda44ba43ff3a995a21c) Importer(815301076,1909f56bfc062723c751e8b465ee728b)
Start importing Assets/Tiles/Tile_Shore Variant.prefab using Guid(08e4e33fff9ffda44ba43ff3a995a21c) Importer(815301076,1909f56bfc062723c751e8b465ee728b)  -> (artifact id: '1812616939d1937c7f064d8316bef3c4') in 0.038009 seconds
  Import took 0.041554 seconds .

========================================================================
Received Import Request.
  Time since last request: 8.561473 seconds.
  path: Assets/Tiles/Tile_Shore Variant.prefab
  artifactKey: Guid(08e4e33fff9ffda44ba43ff3a995a21c) Importer(815301076,1909f56bfc062723c751e8b465ee728b)
Start importing Assets/Tiles/Tile_Shore Variant.prefab using Guid(08e4e33fff9ffda44ba43ff3a995a21c) Importer(815301076,1909f56bfc062723c751e8b465ee728b)  -> (artifact id: '8f53d603008a20606d09f55f7e9a0439') in 0.037694 seconds
  Import took 0.040933 seconds .

========================================================================
Received Import Request.
  Time since last request: 3.872179 seconds.
  path: Assets/Tiles/Tile_Shore Variant.prefab
  artifactKey: Guid(08e4e33fff9ffda44ba43ff3a995a21c) Importer(815301076,1909f56bfc062723c751e8b465ee728b)
Start importing Assets/Tiles/Tile_Shore Variant.prefab using Guid(08e4e33fff9ffda44ba43ff3a995a21c) Importer(815301076,1909f56bfc062723c751e8b465ee728b)  -> (artifact id: '6f6b6906c0163810a422ad6f7bc03498') in 0.039031 seconds
  Import took 0.054326 seconds .

========================================================================
Received Import Request.
  Time since last request: 3.993971 seconds.
  path: Assets/Tiles/Tile_Shore Variant.prefab
  artifactKey: Guid(08e4e33fff9ffda44ba43ff3a995a21c) Importer(815301076,1909f56bfc062723c751e8b465ee728b)
Start importing Assets/Tiles/Tile_Shore Variant.prefab using Guid(08e4e33fff9ffda44ba43ff3a995a21c) Importer(815301076,1909f56bfc062723c751e8b465ee728b)  -> (artifact id: '6d900f1a04b84e9236564cc19a3cbda3') in 0.039411 seconds
  Import took 0.042464 seconds .

========================================================================
Received Import Request.
  Time since last request: 3.096788 seconds.
  path: Assets/Tiles/Tile_Shore Variant.prefab
  artifactKey: Guid(08e4e33fff9ffda44ba43ff3a995a21c) Importer(815301076,1909f56bfc062723c751e8b465ee728b)
Start importing Assets/Tiles/Tile_Shore Variant.prefab using Guid(08e4e33fff9ffda44ba43ff3a995a21c) Importer(815301076,1909f56bfc062723c751e8b465ee728b)  -> (artifact id: 'ce12e4b4c096bf33d730c76ec6700329') in 0.038135 seconds
  Import took 0.040933 seconds .

========================================================================
Received Import Request.
  Time since last request: 2.489714 seconds.
  path: Assets/Tiles/Tile_Shore Variant.prefab
  artifactKey: Guid(08e4e33fff9ffda44ba43ff3a995a21c) Importer(815301076,1909f56bfc062723c751e8b465ee728b)
Start importing Assets/Tiles/Tile_Shore Variant.prefab using Guid(08e4e33fff9ffda44ba43ff3a995a21c) Importer(815301076,1909f56bfc062723c751e8b465ee728b)  -> (artifact id: 'f0321feafa6a6720a158835220b4d536') in 0.036564 seconds
  Import took 0.064179 seconds .

========================================================================
Received Import Request.
  Time since last request: 7.760415 seconds.
  path: Assets/Tiles/Tile_ShoreCorner.prefab
  artifactKey: Guid(08e4e33fff9ffda44ba43ff3a995a21c) Importer(815301076,1909f56bfc062723c751e8b465ee728b)
Start importing Assets/Tiles/Tile_ShoreCorner.prefab using Guid(08e4e33fff9ffda44ba43ff3a995a21c) Importer(815301076,1909f56bfc062723c751e8b465ee728b)  -> (artifact id: 'e56c2e9ee6f33873a7f98e50cc8caa4a') in 0.040721 seconds
  Import took 0.044819 seconds .

========================================================================
Received Import Request.
  Time since last request: 346.944760 seconds.
  path: Assets/Tiles/Tile_ShoreStraight.prefab
  artifactKey: Guid(704f458f5d3a048499d10cac2325ed74) Importer(815301076,1909f56bfc062723c751e8b465ee728b)
Start importing Assets/Tiles/Tile_ShoreStraight.prefab using Guid(704f458f5d3a048499d10cac2325ed74) Importer(815301076,1909f56bfc062723c751e8b465ee728b)  -> (artifact id: '99187cc2bada827e64faac659ae7ff86') in 0.041212 seconds
  Import took 0.140243 seconds .

========================================================================
Received Import Request.
  Time since last request: 7.955230 seconds.
  path: Assets/Tiles/Tile_ShoreHorizontal.prefab
  artifactKey: Guid(704f458f5d3a048499d10cac2325ed74) Importer(815301076,1909f56bfc062723c751e8b465ee728b)
Start importing Assets/Tiles/Tile_ShoreHorizontal.prefab using Guid(704f458f5d3a048499d10cac2325ed74) Importer(815301076,1909f56bfc062723c751e8b465ee728b)  -> (artifact id: 'f9b0ff6b61eca54ab95a7f5163347936') in 0.047206 seconds
  Import took 0.080722 seconds .

========================================================================
Received Import Request.
  Time since last request: 12.135046 seconds.
  path: Assets/Tiles/Tile_ShoreVertical.prefab
  artifactKey: Guid(f6f525ad25376b1479152157fc248f90) Importer(815301076,1909f56bfc062723c751e8b465ee728b)
Start importing Assets/Tiles/Tile_ShoreVertical.prefab using Guid(f6f525ad25376b1479152157fc248f90) Importer(815301076,1909f56bfc062723c751e8b465ee728b)  -> (artifact id: 'da2eeff274f56702ff865d4076fc26e9') in 0.047768 seconds
  Import took 0.146680 seconds .

========================================================================
Received Import Request.
  Time since last request: 55.876551 seconds.
  path: Assets/Tiles/Tile_ShoreVertical.prefab
  artifactKey: Guid(f6f525ad25376b1479152157fc248f90) Importer(815301076,1909f56bfc062723c751e8b465ee728b)
Start importing Assets/Tiles/Tile_ShoreVertical.prefab using Guid(f6f525ad25376b1479152157fc248f90) Importer(815301076,1909f56bfc062723c751e8b465ee728b)  -> (artifact id: 'a5906f4f11edef1789874fdafc6a91ad') in 0.039242 seconds
  Import took 0.055653 seconds .

========================================================================
Received Import Request.
  Time since last request: 7.306507 seconds.
  path: Assets/Tiles/Tile_ShoreVertical.prefab
  artifactKey: Guid(f6f525ad25376b1479152157fc248f90) Importer(815301076,1909f56bfc062723c751e8b465ee728b)
Start importing Assets/Tiles/Tile_ShoreVertical.prefab using Guid(f6f525ad25376b1479152157fc248f90) Importer(815301076,1909f56bfc062723c751e8b465ee728b)  -> (artifact id: 'cb20099a973e25e75abf77b06e37d2d9') in 0.036030 seconds
  Import took 0.039174 seconds .

========================================================================
Received Import Request.
  Time since last request: 721.657796 seconds.
  path: Assets/Tiles/Tile_ShoreHorizontal180.prefab
  artifactKey: Guid(704f458f5d3a048499d10cac2325ed74) Importer(815301076,1909f56bfc062723c751e8b465ee728b)
Start importing Assets/Tiles/Tile_ShoreHorizontal180.prefab using Guid(704f458f5d3a048499d10cac2325ed74) Importer(815301076,1909f56bfc062723c751e8b465ee728b)  -> (artifact id: 'cdf2798ce5c1030b4dc92982f2d610b5') in 0.041397 seconds
  Import took 0.044584 seconds .

========================================================================
Received Import Request.
  Time since last request: 0.000311 seconds.
  path: Assets/Tiles/Tile_ShoreVertical.prefab
  artifactKey: Guid(f6f525ad25376b1479152157fc248f90) Importer(815301076,1909f56bfc062723c751e8b465ee728b)
Start importing Assets/Tiles/Tile_ShoreVertical.prefab using Guid(f6f525ad25376b1479152157fc248f90) Importer(815301076,1909f56bfc062723c751e8b465ee728b)  -> (artifact id: '454bad56a48313937f9d0d18a5a4441a') in 0.043746 seconds
  Import took 0.046804 seconds .

========================================================================
Received Import Request.
  Time since last request: 14.526715 seconds.
  path: Assets/Tiles/Tile_ShoreHorizontal180.prefab
  artifactKey: Guid(946e407c063886e40b880df9baf87039) Importer(815301076,1909f56bfc062723c751e8b465ee728b)
Start importing Assets/Tiles/Tile_ShoreHorizontal180.prefab using Guid(946e407c063886e40b880df9baf87039) Importer(815301076,1909f56bfc062723c751e8b465ee728b)  -> (artifact id: '3eccd9ba39d9706ae5c1eacc25f0d82f') in 0.037856 seconds
  Import took 0.137116 seconds .

========================================================================
Received Import Request.
  Time since last request: 7.754952 seconds.
  path: Assets/Tiles/Tile_ShoreHorizontal180.prefab
  artifactKey: Guid(946e407c063886e40b880df9baf87039) Importer(815301076,1909f56bfc062723c751e8b465ee728b)
Start importing Assets/Tiles/Tile_ShoreHorizontal180.prefab using Guid(946e407c063886e40b880df9baf87039) Importer(815301076,1909f56bfc062723c751e8b465ee728b)  -> (artifact id: '0d0873bbd0a43cbdb6c58aff824ec0d6') in 0.035272 seconds
  Import took 0.054123 seconds .

========================================================================
Received Import Request.
  Time since last request: 28.589704 seconds.
  path: Assets/Tiles/Tile_ShoreVertical180.prefab
  artifactKey: Guid(8a3f4dff018eb0940a01a03b06277b02) Importer(815301076,1909f56bfc062723c751e8b465ee728b)
Start importing Assets/Tiles/Tile_ShoreVertical180.prefab using Guid(8a3f4dff018eb0940a01a03b06277b02) Importer(815301076,1909f56bfc062723c751e8b465ee728b)  -> (artifact id: 'efee000d7722043f56c0b5c95ec75d8f') in 0.039932 seconds
  Import took 0.053223 seconds .

========================================================================
Received Import Request.
  Time since last request: 0.005324 seconds.
  path: Assets/Tiles/Tile_ShoreVertical180.prefab
  artifactKey: Guid(8a3f4dff018eb0940a01a03b06277b02) Importer(815301076,1909f56bfc062723c751e8b465ee728b)
Start importing Assets/Tiles/Tile_ShoreVertical180.prefab using Guid(8a3f4dff018eb0940a01a03b06277b02) Importer(815301076,1909f56bfc062723c751e8b465ee728b)  -> (artifact id: 'efee000d7722043f56c0b5c95ec75d8f') in 0.036355 seconds
  Import took 0.038979 seconds .

========================================================================
Received Import Request.
  Time since last request: 10.652486 seconds.
  path: Assets/Tiles/Tile_ShoreVertical180.prefab
  artifactKey: Guid(8a3f4dff018eb0940a01a03b06277b02) Importer(815301076,1909f56bfc062723c751e8b465ee728b)
Start importing Assets/Tiles/Tile_ShoreVertical180.prefab using Guid(8a3f4dff018eb0940a01a03b06277b02) Importer(815301076,1909f56bfc062723c751e8b465ee728b)  -> (artifact id: 'e593f3326d5a2ff382d2fcffd1bdb723') in 0.036562 seconds
  Import took 0.039549 seconds .

========================================================================
Received Import Request.
  Time since last request: 80.461727 seconds.
  path: Assets/Tiles/Tile_ShoreCorner180.prefab
  artifactKey: Guid(4938ffed438003e4197fb7333e335fd2) Importer(815301076,1909f56bfc062723c751e8b465ee728b)
Start importing Assets/Tiles/Tile_ShoreCorner180.prefab using Guid(4938ffed438003e4197fb7333e335fd2) Importer(815301076,1909f56bfc062723c751e8b465ee728b)  -> (artifact id: '1bd3aac226fb5aebb702c35ce4e16f3e') in 0.043180 seconds
  Import took 0.147830 seconds .

========================================================================
Received Import Request.
  Time since last request: 6.345745 seconds.
  path: Assets/Tiles/Tile_ShoreCorner180.prefab
  artifactKey: Guid(4938ffed438003e4197fb7333e335fd2) Importer(815301076,1909f56bfc062723c751e8b465ee728b)
Start importing Assets/Tiles/Tile_ShoreCorner180.prefab using Guid(4938ffed438003e4197fb7333e335fd2) Importer(815301076,1909f56bfc062723c751e8b465ee728b)  -> (artifact id: '75506d8b7e9e55357f9e1ce736c506a2') in 0.044376 seconds
  Import took 0.055795 seconds .

========================================================================
Received Import Request.
  Time since last request: 162.610615 seconds.
  path: Assets/Tiles/Tile_ShoreHalf2.prefab
  artifactKey: Guid(382c045ce249a6b42b567fd420703ee6) Importer(815301076,1909f56bfc062723c751e8b465ee728b)
Start importing Assets/Tiles/Tile_ShoreHalf2.prefab using Guid(382c045ce249a6b42b567fd420703ee6) Importer(815301076,1909f56bfc062723c751e8b465ee728b)  -> (artifact id: '8486d8719a2cabcccb1f212854a40f3f') in 0.039747 seconds
  Import took 0.043079 seconds .

========================================================================
Received Import Request.
  Time since last request: 6.558312 seconds.
  path: Assets/Tiles/Tile_ShoreHalf2.prefab
  artifactKey: Guid(382c045ce249a6b42b567fd420703ee6) Importer(815301076,1909f56bfc062723c751e8b465ee728b)
Start importing Assets/Tiles/Tile_ShoreHalf2.prefab using Guid(382c045ce249a6b42b567fd420703ee6) Importer(815301076,1909f56bfc062723c751e8b465ee728b)  -> (artifact id: '804e4c7ab7f9f5f023ed3a4d11ec68c1') in 0.035119 seconds
  Import took 0.038930 seconds .

========================================================================
Received Prepare
Registering precompiled user dll's ...
Registered in 0.000508 seconds.
Begin MonoManager ReloadAssembly
Native extension for WindowsStandalone target not found
Native extension for WebGL target not found
Refreshing native plugins compatible for Editor in 0.26 ms, found 0 plugins.
Preloading 0 native plugins for Editor in 0.00 ms.
Invoked RoslynAnalysisRunner static constructor.
RoslynAnalysisRunner will not be running.
RoslynAnalysisRunner has terminated.
Mono: successfully reloaded assembly
- Completed reload, in  0.879 seconds
Platform modules already initialized, skipping
Refreshing native plugins compatible for Editor in 0.24 ms, found 0 plugins.
Preloading 0 native plugins for Editor in 0.00 ms.
Unloading 1108 Unused Serialized files (Serialized files now loaded: 0)
System memory in use before: 62.3 MB.
System memory in use after: 62.4 MB.

Unloading 5 unused Assets to reduce memory usage. Loaded Objects now: 1580.
Total: 2.986800 ms (FindLiveObjects: 0.260800 ms CreateObjectMapping: 0.078700 ms MarkObjects: 2.582900 ms  DeleteObjects: 0.062300 ms)

========================================================================
Received Prepare
Registering precompiled user dll's ...
Registered in 0.000598 seconds.
Begin MonoManager ReloadAssembly
Native extension for WindowsStandalone target not found
Native extension for WebGL target not found
Refreshing native plugins compatible for Editor in 0.24 ms, found 0 plugins.
Preloading 0 native plugins for Editor in 0.00 ms.
Invoked RoslynAnalysisRunner static constructor.
RoslynAnalysisRunner will not be running.
RoslynAnalysisRunner has terminated.
Mono: successfully reloaded assembly
- Completed reload, in  0.829 seconds
Platform modules already initialized, skipping
Refreshing native plugins compatible for Editor in 0.37 ms, found 0 plugins.
Preloading 0 native plugins for Editor in 0.00 ms.
Unloading 1108 Unused Serialized files (Serialized files now loaded: 0)
System memory in use before: 62.4 MB.
System memory in use after: 62.5 MB.

Unloading 5 unused Assets to reduce memory usage. Loaded Objects now: 1582.
Total: 1.899300 ms (FindLiveObjects: 0.148000 ms CreateObjectMapping: 0.034200 ms MarkObjects: 1.662400 ms  DeleteObjects: 0.053200 ms)

========================================================================
Received Import Request.
  Time since last request: 426.286904 seconds.
  path: Assets/Trees
  artifactKey: Guid(08d06ac4d2869af47841640e5f097bc0) Importer(815301076,1909f56bfc062723c751e8b465ee728b)
Start importing Assets/Trees using Guid(08d06ac4d2869af47841640e5f097bc0) Importer(815301076,1909f56bfc062723c751e8b465ee728b)  -> (artifact id: '747b54d14a1190c03654181082f4e20c') in 0.004526 seconds
  Import took 0.013713 seconds .

========================================================================
Received Import Request.
  Time since last request: 3.033118 seconds.
  path: Assets/Trees/Large Tree.prefab
  artifactKey: Guid(2f881816da046584ca51384bc8b6ecb2) Importer(815301076,1909f56bfc062723c751e8b465ee728b)
Start importing Assets/Trees/Large Tree.prefab using Guid(2f881816da046584ca51384bc8b6ecb2) Importer(815301076,1909f56bfc062723c751e8b465ee728b)  -> (artifact id: '37d7594c12673b16127d2ab78216da81') in 0.062854 seconds
  Import took 0.076458 seconds .

========================================================================
Received Import Request.
  Time since last request: 30.332538 seconds.
  path: Assets/Trees/Large Tree.prefab
  artifactKey: Guid(2f881816da046584ca51384bc8b6ecb2) Importer(815301076,1909f56bfc062723c751e8b465ee728b)
Start importing Assets/Trees/Large Tree.prefab using Guid(2f881816da046584ca51384bc8b6ecb2) Importer(815301076,1909f56bfc062723c751e8b465ee728b)  -> (artifact id: 'f1148718ae4c1f121d2a7a2c5d16e581') in 0.010706 seconds
  Import took 0.013889 seconds .

========================================================================
Received Import Request.
  Time since last request: 4.850031 seconds.
  path: Assets/Trees/Large Tree.prefab
  artifactKey: Guid(2f881816da046584ca51384bc8b6ecb2) Importer(815301076,1909f56bfc062723c751e8b465ee728b)
Start importing Assets/Trees/Large Tree.prefab using Guid(2f881816da046584ca51384bc8b6ecb2) Importer(815301076,1909f56bfc062723c751e8b465ee728b)  -> (artifact id: '8bfd8e81f996d133a1c404c865e5cbaf') in 0.010644 seconds
  Import took 0.023642 seconds .

========================================================================
Received Import Request.
  Time since last request: 14.696403 seconds.
  path: Assets/Trees/Large Tree.prefab
  artifactKey: Guid(2f881816da046584ca51384bc8b6ecb2) Importer(815301076,1909f56bfc062723c751e8b465ee728b)
Start importing Assets/Trees/Large Tree.prefab using Guid(2f881816da046584ca51384bc8b6ecb2) Importer(815301076,1909f56bfc062723c751e8b465ee728b)  -> (artifact id: 'e17451d7ee8ad2e2d4c5b8c52f1d1710') in 0.008542 seconds
  Import took 0.027091 seconds .

========================================================================
Received Import Request.
  Time since last request: 1.885308 seconds.
  path: Assets/Trees/Large Tree.prefab
  artifactKey: Guid(2f881816da046584ca51384bc8b6ecb2) Importer(815301076,1909f56bfc062723c751e8b465ee728b)
Start importing Assets/Trees/Large Tree.prefab using Guid(2f881816da046584ca51384bc8b6ecb2) Importer(815301076,1909f56bfc062723c751e8b465ee728b)  -> (artifact id: 'a1de285d3358be25ae93e0cbaecffcda') in 0.009236 seconds
  Import took 0.138746 seconds .

========================================================================
Received Import Request.
  Time since last request: 6.856776 seconds.
  path: Assets/Trees/Large Tree.prefab
  artifactKey: Guid(2f881816da046584ca51384bc8b6ecb2) Importer(815301076,1909f56bfc062723c751e8b465ee728b)
Start importing Assets/Trees/Large Tree.prefab using Guid(2f881816da046584ca51384bc8b6ecb2) Importer(815301076,1909f56bfc062723c751e8b465ee728b)  -> (artifact id: 'c55a3b1b665c692e2072b36909aed159') in 0.011287 seconds
  Import took 0.014801 seconds .

========================================================================
Received Import Request.
  Time since last request: 1.139976 seconds.
  path: Assets/Trees/Large Tree.prefab
  artifactKey: Guid(2f881816da046584ca51384bc8b6ecb2) Importer(815301076,1909f56bfc062723c751e8b465ee728b)
Start importing Assets/Trees/Large Tree.prefab using Guid(2f881816da046584ca51384bc8b6ecb2) Importer(815301076,1909f56bfc062723c751e8b465ee728b)  -> (artifact id: '395ea14a3cf2411b7328779a04da9907') in 0.009427 seconds
  Import took 0.022663 seconds .

========================================================================
Received Import Request.
  Time since last request: 3.367241 seconds.
  path: Assets/Trees/Large Tree.prefab
  artifactKey: Guid(2f881816da046584ca51384bc8b6ecb2) Importer(815301076,1909f56bfc062723c751e8b465ee728b)
Start importing Assets/Trees/Large Tree.prefab using Guid(2f881816da046584ca51384bc8b6ecb2) Importer(815301076,1909f56bfc062723c751e8b465ee728b)  -> (artifact id: 'cd3ec17f28817c6858ce04010c1aa604') in 0.008283 seconds
  Import took 0.011027 seconds .

========================================================================
Received Import Request.
  Time since last request: 4.684483 seconds.
  path: Assets/Trees/Large Tree.prefab
  artifactKey: Guid(2f881816da046584ca51384bc8b6ecb2) Importer(815301076,1909f56bfc062723c751e8b465ee728b)
Start importing Assets/Trees/Large Tree.prefab using Guid(2f881816da046584ca51384bc8b6ecb2) Importer(815301076,1909f56bfc062723c751e8b465ee728b)  -> (artifact id: '05a703640a856920b43e87b105878160') in 0.008302 seconds
  Import took 0.011222 seconds .

========================================================================
Received Import Request.
  Time since last request: 9.526630 seconds.
  path: Assets/Trees/Large Tree.prefab
  artifactKey: Guid(2f881816da046584ca51384bc8b6ecb2) Importer(815301076,1909f56bfc062723c751e8b465ee728b)
Start importing Assets/Trees/Large Tree.prefab using Guid(2f881816da046584ca51384bc8b6ecb2) Importer(815301076,1909f56bfc062723c751e8b465ee728b)  -> (artifact id: '46233d13f8a58bc814fe6e5f859704e7') in 0.009058 seconds
  Import took 0.011678 seconds .

========================================================================
Received Import Request.
  Time since last request: 2.950092 seconds.
  path: Assets/Trees/Large Tree.prefab
  artifactKey: Guid(2f881816da046584ca51384bc8b6ecb2) Importer(815301076,1909f56bfc062723c751e8b465ee728b)
Start importing Assets/Trees/Large Tree.prefab using Guid(2f881816da046584ca51384bc8b6ecb2) Importer(815301076,1909f56bfc062723c751e8b465ee728b)  -> (artifact id: 'a51346d8f6a85ab2d2e0d08729be9629') in 0.012634 seconds
  Import took 0.017531 seconds .

========================================================================
Received Import Request.
  Time since last request: 7.054160 seconds.
  path: Assets/Trees/Large Tree.prefab
  artifactKey: Guid(2f881816da046584ca51384bc8b6ecb2) Importer(815301076,1909f56bfc062723c751e8b465ee728b)
Start importing Assets/Trees/Large Tree.prefab using Guid(2f881816da046584ca51384bc8b6ecb2) Importer(815301076,1909f56bfc062723c751e8b465ee728b)  -> (artifact id: '1d354067e888955c1197fbc3de387e60') in 0.009942 seconds
  Import took 0.012905 seconds .

========================================================================
Received Import Request.
  Time since last request: 3.252415 seconds.
  path: Assets/Trees/Large Tree.prefab
  artifactKey: Guid(2f881816da046584ca51384bc8b6ecb2) Importer(815301076,1909f56bfc062723c751e8b465ee728b)
Start importing Assets/Trees/Large Tree.prefab using Guid(2f881816da046584ca51384bc8b6ecb2) Importer(815301076,1909f56bfc062723c751e8b465ee728b)  -> (artifact id: '9b64b88bd6991c3712005a8d87c2b066') in 0.008947 seconds
  Import took 0.016411 seconds .

========================================================================
Received Import Request.
  Time since last request: 495.824209 seconds.
  path: Assets/Trees/Group Tree.prefab
  artifactKey: Guid(ef750a58412c4424a973e5e1da675d82) Importer(815301076,1909f56bfc062723c751e8b465ee728b)
Start importing Assets/Trees/Group Tree.prefab using Guid(ef750a58412c4424a973e5e1da675d82) Importer(815301076,1909f56bfc062723c751e8b465ee728b)  -> (artifact id: '38f2bd1a2c0754ec8e740b321f9dbe29') in 0.010617 seconds
  Import took 0.013893 seconds .

========================================================================
Received Import Request.
  Time since last request: 513.942351 seconds.
  path: Assets/Castles
  artifactKey: Guid(c9d07184446064848977f21ee32becbe) Importer(815301076,1909f56bfc062723c751e8b465ee728b)
Start importing Assets/Castles using Guid(c9d07184446064848977f21ee32becbe) Importer(815301076,1909f56bfc062723c751e8b465ee728b)  -> (artifact id: 'de49c1b89e51a251c7bcb61cdd6ff08c') in 0.002265 seconds
  Import took 0.107180 seconds .

========================================================================
Received Import Request.
  Time since last request: 148.597789 seconds.
  path: Assets/Castles/Enemy
  artifactKey: Guid(93b64b9f756f7584db55aeaf62e8a569) Importer(815301076,1909f56bfc062723c751e8b465ee728b)
Start importing Assets/Castles/Enemy using Guid(93b64b9f756f7584db55aeaf62e8a569) Importer(815301076,1909f56bfc062723c751e8b465ee728b)  -> (artifact id: '3798e1b30e201f26eba60b509b1a28b6') in 0.001627 seconds
  Import took 0.003945 seconds .

========================================================================
Received Import Request.
  Time since last request: 5.114611 seconds.
  path: Assets/Castles/Player
  artifactKey: Guid(681946c224c0b8647bd54faa256b3733) Importer(815301076,1909f56bfc062723c751e8b465ee728b)
Start importing Assets/Castles/Player using Guid(681946c224c0b8647bd54faa256b3733) Importer(815301076,1909f56bfc062723c751e8b465ee728b)  -> (artifact id: '6c6eb00c703ba718e95f1a2e1c8e652f') in 0.001529 seconds
  Import took 0.003703 seconds .

========================================================================
Received Import Request.
  Time since last request: 9.186688 seconds.
  path: Assets/Castles/Player/Gate_1.prefab
  artifactKey: Guid(c4b4fbda11e3237409dbc4b77e09b78d) Importer(815301076,1909f56bfc062723c751e8b465ee728b)
Start importing Assets/Castles/Player/Gate_1.prefab using Guid(c4b4fbda11e3237409dbc4b77e09b78d) Importer(815301076,1909f56bfc062723c751e8b465ee728b)  -> (artifact id: '839538b8e3c51086543eed99a372bd06') in 0.010852 seconds
  Import took 0.042116 seconds .

========================================================================
Received Import Request.
  Time since last request: 11.277987 seconds.
  path: Assets/Castles/Player/Wall_Straight (1).prefab
  artifactKey: Guid(cbd7787c90b703e4e90a8a31815f60da) Importer(815301076,1909f56bfc062723c751e8b465ee728b)
Start importing Assets/Castles/Player/Wall_Straight (1).prefab using Guid(cbd7787c90b703e4e90a8a31815f60da) Importer(815301076,1909f56bfc062723c751e8b465ee728b)  -> (artifact id: 'cecdba4ce188c25a69e6e9bfe49fd9fa') in 0.012450 seconds
  Import took 0.020036 seconds .

========================================================================
Received Import Request.
  Time since last request: 23.805518 seconds.
  path: Assets/Castles/Player/Tower_Right.prefab
  artifactKey: Guid(0acac17c676cef442977099a345b98b8) Importer(815301076,1909f56bfc062723c751e8b465ee728b)
Start importing Assets/Castles/Player/Tower_Right.prefab using Guid(0acac17c676cef442977099a345b98b8) Importer(815301076,1909f56bfc062723c751e8b465ee728b)  -> (artifact id: '487ad37b730e329d9e5dc441674ad633') in 0.009456 seconds
  Import took 0.016522 seconds .

========================================================================
Received Import Request.
  Time since last request: 2.710747 seconds.
  path: Assets/Castles/Player/Tower_Left.prefab
  artifactKey: Guid(274a182a44a11f343a5ac3bfa2161f88) Importer(815301076,1909f56bfc062723c751e8b465ee728b)
Start importing Assets/Castles/Player/Tower_Left.prefab using Guid(274a182a44a11f343a5ac3bfa2161f88) Importer(815301076,1909f56bfc062723c751e8b465ee728b)  -> (artifact id: '71239fa6c357ab0926b5915e583d8d17') in 0.009154 seconds
  Import took 0.017994 seconds .

========================================================================
Received Import Request.
  Time since last request: 415.318167 seconds.
  path: Assets/Castles/Gate_2.prefab
  artifactKey: Guid(83009b8529885b44a9e6a1dc01bd1802) Importer(815301076,1909f56bfc062723c751e8b465ee728b)
Start importing Assets/Castles/Gate_2.prefab using Guid(83009b8529885b44a9e6a1dc01bd1802) Importer(815301076,1909f56bfc062723c751e8b465ee728b)  -> (artifact id: '7c2f2e1b5de46c3aecddab556bf88b18') in 0.009490 seconds
  Import took 0.012696 seconds .

========================================================================
Received Import Request.
  Time since last request: 934.584160 seconds.
  path: Assets/Enemy/ObjectPool.prefab
  artifactKey: Guid(263cd6c3ebe2f1b4cabf65107febb0b9) Importer(815301076,1909f56bfc062723c751e8b465ee728b)
Start importing Assets/Enemy/ObjectPool.prefab using Guid(263cd6c3ebe2f1b4cabf65107febb0b9) Importer(815301076,1909f56bfc062723c751e8b465ee728b)  -> (artifact id: '71b2f4585361d6816b7d872d2e02dd93') in 0.008382 seconds
  Import took 0.013812 seconds .

========================================================================
Received Prepare
Registering precompiled user dll's ...
Registered in 0.000740 seconds.
Begin MonoManager ReloadAssembly
Native extension for WindowsStandalone target not found
Native extension for WebGL target not found
Refreshing native plugins compatible for Editor in 0.24 ms, found 0 plugins.
Preloading 0 native plugins for Editor in 0.00 ms.
Invoked RoslynAnalysisRunner static constructor.
RoslynAnalysisRunner will not be running.
RoslynAnalysisRunner has terminated.
Mono: successfully reloaded assembly
- Completed reload, in  0.797 seconds
Platform modules already initialized, skipping
Refreshing native plugins compatible for Editor in 0.24 ms, found 0 plugins.
Preloading 0 native plugins for Editor in 0.00 ms.
Unloading 1108 Unused Serialized files (Serialized files now loaded: 0)
System memory in use before: 62.4 MB.
System memory in use after: 62.5 MB.

Unloading 5 unused Assets to reduce memory usage. Loaded Objects now: 1585.
Total: 3.147200 ms (FindLiveObjects: 0.372700 ms CreateObjectMapping: 0.114800 ms MarkObjects: 2.599600 ms  DeleteObjects: 0.058100 ms)

========================================================================
Received Import Request.
  Time since last request: 160.612102 seconds.
  path: Assets/Bank/Bank.prefab
  artifactKey: Guid(864bd89475490874386f92f246134345) Importer(815301076,1909f56bfc062723c751e8b465ee728b)
Start importing Assets/Bank/Bank.prefab using Guid(864bd89475490874386f92f246134345) Importer(815301076,1909f56bfc062723c751e8b465ee728b)  -> (artifact id: 'e72c323a9ea1905eb9f8637892098fc6') in 0.024496 seconds
  Import took 0.036542 seconds .

========================================================================
Received Prepare
Registering precompiled user dll's ...
Registered in 0.000534 seconds.
Begin MonoManager ReloadAssembly
Native extension for WindowsStandalone target not found
Native extension for WebGL target not found
Refreshing native plugins compatible for Editor in 0.22 ms, found 0 plugins.
Preloading 0 native plugins for Editor in 0.00 ms.
Invoked RoslynAnalysisRunner static constructor.
RoslynAnalysisRunner will not be running.
RoslynAnalysisRunner has terminated.
Mono: successfully reloaded assembly
- Completed reload, in  0.755 seconds
Platform modules already initialized, skipping
Refreshing native plugins compatible for Editor in 0.21 ms, found 0 plugins.
Preloading 0 native plugins for Editor in 0.00 ms.
Unloading 1108 Unused Serialized files (Serialized files now loaded: 0)
System memory in use before: 62.4 MB.
System memory in use after: 62.5 MB.

Unloading 5 unused Assets to reduce memory usage. Loaded Objects now: 1587.
Total: 2.033700 ms (FindLiveObjects: 0.140300 ms CreateObjectMapping: 0.032000 ms MarkObjects: 1.800900 ms  DeleteObjects: 0.059300 ms)

========================================================================
Received Import Request.
  Time since last request: 43.681594 seconds.
  path: Assets/Enemy/Ramp.prefab
  artifactKey: Guid(b940df629b09f434dbb9fd487257db6c) Importer(815301076,1909f56bfc062723c751e8b465ee728b)
Start importing Assets/Enemy/Ramp.prefab using Guid(b940df629b09f434dbb9fd487257db6c) Importer(815301076,1909f56bfc062723c751e8b465ee728b)  -> (artifact id: 'd2d7ce9453d33c3f01924f2594d8baf1') in 0.070205 seconds
  Import took 0.074432 seconds .

========================================================================
Received Import Request.
  Time since last request: 1.948770 seconds.
  path: Assets/Enemy/Ramp.prefab
  artifactKey: Guid(b940df629b09f434dbb9fd487257db6c) Importer(815301076,1909f56bfc062723c751e8b465ee728b)
Start importing Assets/Enemy/Ramp.prefab using Guid(b940df629b09f434dbb9fd487257db6c) Importer(815301076,1909f56bfc062723c751e8b465ee728b)  -> (artifact id: 'c3769faf0224d350494708770aeca85a') in 0.009328 seconds
  Import took 0.015423 seconds .

========================================================================
Received Prepare
Registering precompiled user dll's ...
Registered in 0.000564 seconds.
Begin MonoManager ReloadAssembly
Native extension for WindowsStandalone target not found
Native extension for WebGL target not found
Refreshing native plugins compatible for Editor in 0.23 ms, found 0 plugins.
Preloading 0 native plugins for Editor in 0.00 ms.
Invoked RoslynAnalysisRunner static constructor.
RoslynAnalysisRunner will not be running.
RoslynAnalysisRunner has terminated.
Mono: successfully reloaded assembly
- Completed reload, in  0.849 seconds
Platform modules already initialized, skipping
Refreshing native plugins compatible for Editor in 0.24 ms, found 0 plugins.
Preloading 0 native plugins for Editor in 0.00 ms.
Unloading 1108 Unused Serialized files (Serialized files now loaded: 0)
System memory in use before: 62.5 MB.
System memory in use after: 62.5 MB.

Unloading 5 unused Assets to reduce memory usage. Loaded Objects now: 1590.
Total: 2.738900 ms (FindLiveObjects: 0.219800 ms CreateObjectMapping: 0.073900 ms MarkObjects: 2.392000 ms  DeleteObjects: 0.051900 ms)

========================================================================
Received Import Request.
  Time since last request: 88.197290 seconds.
  path: Assets/Tower/Ballista.prefab
  artifactKey: Guid(8a965e088bae16643aab3d07ccfd5e2e) Importer(815301076,1909f56bfc062723c751e8b465ee728b)
Start importing Assets/Tower/Ballista.prefab using Guid(8a965e088bae16643aab3d07ccfd5e2e) Importer(815301076,1909f56bfc062723c751e8b465ee728b)  -> (artifact id: '645ea854192674f0685088d2a30d7770') in 0.062918 seconds
  Import took 0.065669 seconds .

========================================================================
Received Import Request.
  Time since last request: 12.732687 seconds.
  path: Assets/Tower/Ballista.prefab
  artifactKey: Guid(8a965e088bae16643aab3d07ccfd5e2e) Importer(815301076,1909f56bfc062723c751e8b465ee728b)
Start importing Assets/Tower/Ballista.prefab using Guid(8a965e088bae16643aab3d07ccfd5e2e) Importer(815301076,1909f56bfc062723c751e8b465ee728b)  -> (artifact id: '8fd6887462715acac42009db6d1f7b6b') in 0.012209 seconds
  Import took 0.015267 seconds .

========================================================================
Received Import Request.
  Time since last request: 10.850119 seconds.
  path: Assets/Tower/Ballista.prefab
  artifactKey: Guid(8a965e088bae16643aab3d07ccfd5e2e) Importer(815301076,1909f56bfc062723c751e8b465ee728b)
Start importing Assets/Tower/Ballista.prefab using Guid(8a965e088bae16643aab3d07ccfd5e2e) Importer(815301076,1909f56bfc062723c751e8b465ee728b)  -> (artifact id: 'cd46dd01a2a6c00807f7803742edd24d') in 0.018217 seconds
  Import took 0.021024 seconds .

========================================================================
Received Prepare
Registering precompiled user dll's ...
Registered in 0.000516 seconds.
Begin MonoManager ReloadAssembly
Native extension for WindowsStandalone target not found
Native extension for WebGL target not found
Refreshing native plugins compatible for Editor in 0.24 ms, found 0 plugins.
Preloading 0 native plugins for Editor in 0.00 ms.
Invoked RoslynAnalysisRunner static constructor.
RoslynAnalysisRunner will not be running.
RoslynAnalysisRunner has terminated.
Mono: successfully reloaded assembly
- Completed reload, in  0.789 seconds
Platform modules already initialized, skipping
Refreshing native plugins compatible for Editor in 0.25 ms, found 0 plugins.
Preloading 0 native plugins for Editor in 0.00 ms.
Unloading 1108 Unused Serialized files (Serialized files now loaded: 0)
System memory in use before: 62.5 MB.
System memory in use after: 62.6 MB.

Unloading 5 unused Assets to reduce memory usage. Loaded Objects now: 1593.
Total: 2.029900 ms (FindLiveObjects: 0.168500 ms CreateObjectMapping: 0.046900 ms MarkObjects: 1.749500 ms  DeleteObjects: 0.064000 ms)

========================================================================
Received Prepare
Registering precompiled user dll's ...
Registered in 0.000514 seconds.
Begin MonoManager ReloadAssembly
Native extension for WindowsStandalone target not found
Native extension for WebGL target not found
Refreshing native plugins compatible for Editor in 0.25 ms, found 0 plugins.
Preloading 0 native plugins for Editor in 0.00 ms.
Invoked RoslynAnalysisRunner static constructor.
RoslynAnalysisRunner will not be running.
RoslynAnalysisRunner has terminated.
Mono: successfully reloaded assembly
- Completed reload, in  0.835 seconds
Platform modules already initialized, skipping
Refreshing native plugins compatible for Editor in 0.25 ms, found 0 plugins.
Preloading 0 native plugins for Editor in 0.00 ms.
Unloading 1108 Unused Serialized files (Serialized files now loaded: 0)
System memory in use before: 62.5 MB.
System memory in use after: 62.6 MB.

Unloading 5 unused Assets to reduce memory usage. Loaded Objects now: 1595.
Total: 2.196000 ms (FindLiveObjects: 0.264800 ms CreateObjectMapping: 0.081300 ms MarkObjects: 1.783700 ms  DeleteObjects: 0.064600 ms)

========================================================================
Received Prepare
Registering precompiled user dll's ...
Registered in 0.000523 seconds.
Begin MonoManager ReloadAssembly
Native extension for WindowsStandalone target not found
Native extension for WebGL target not found
Refreshing native plugins compatible for Editor in 0.28 ms, found 0 plugins.
Preloading 0 native plugins for Editor in 0.00 ms.
Invoked RoslynAnalysisRunner static constructor.
RoslynAnalysisRunner will not be running.
RoslynAnalysisRunner has terminated.
Mono: successfully reloaded assembly
- Completed reload, in  0.833 seconds
Platform modules already initialized, skipping
Refreshing native plugins compatible for Editor in 0.24 ms, found 0 plugins.
Preloading 0 native plugins for Editor in 0.00 ms.
Unloading 1108 Unused Serialized files (Serialized files now loaded: 0)
System memory in use before: 62.5 MB.
System memory in use after: 62.6 MB.

Unloading 5 unused Assets to reduce memory usage. Loaded Objects now: 1597.
Total: 1.901000 ms (FindLiveObjects: 0.162700 ms CreateObjectMapping: 0.032300 ms MarkObjects: 1.641400 ms  DeleteObjects: 0.063400 ms)

========================================================================
Received Import Request.
  Time since last request: 202.206558 seconds.
  path: Assets/Enemy/Ramp.prefab
  artifactKey: Guid(b940df629b09f434dbb9fd487257db6c) Importer(815301076,1909f56bfc062723c751e8b465ee728b)
Start importing Assets/Enemy/Ramp.prefab using Guid(b940df629b09f434dbb9fd487257db6c) Importer(815301076,1909f56bfc062723c751e8b465ee728b)  -> (artifact id: '6e74d2717a029fd4841bc768e6aae211') in 0.061657 seconds
  Import took 0.074817 seconds .

========================================================================
Received Import Request.
  Time since last request: 7.004451 seconds.
  path: Assets/Tower/Ballista.prefab
  artifactKey: Guid(8a965e088bae16643aab3d07ccfd5e2e) Importer(815301076,1909f56bfc062723c751e8b465ee728b)
Start importing Assets/Tower/Ballista.prefab using Guid(8a965e088bae16643aab3d07ccfd5e2e) Importer(815301076,1909f56bfc062723c751e8b465ee728b)  -> (artifact id: '2a8e2eae551efdbeb00017291d3c9dac') in 0.013238 seconds
  Import took 0.015690 seconds .

========================================================================
Received Prepare
Registering precompiled user dll's ...
Registered in 0.000590 seconds.
Begin MonoManager ReloadAssembly
Native extension for WindowsStandalone target not found
Native extension for WebGL target not found
Refreshing native plugins compatible for Editor in 0.24 ms, found 0 plugins.
Preloading 0 native plugins for Editor in 0.00 ms.
Invoked RoslynAnalysisRunner static constructor.
RoslynAnalysisRunner will not be running.
RoslynAnalysisRunner has terminated.
Mono: successfully reloaded assembly
- Completed reload, in  0.844 seconds
Platform modules already initialized, skipping
Refreshing native plugins compatible for Editor in 0.24 ms, found 0 plugins.
Preloading 0 native plugins for Editor in 0.00 ms.
Unloading 1108 Unused Serialized files (Serialized files now loaded: 0)
System memory in use before: 62.5 MB.
System memory in use after: 62.6 MB.

Unloading 5 unused Assets to reduce memory usage. Loaded Objects now: 1600.
Total: 2.141500 ms (FindLiveObjects: 0.165200 ms CreateObjectMapping: 0.039300 ms MarkObjects: 1.880600 ms  DeleteObjects: 0.055500 ms)

========================================================================
Received Prepare
Registering precompiled user dll's ...
Registered in 0.000516 seconds.
Begin MonoManager ReloadAssembly
Native extension for WindowsStandalone target not found
Native extension for WebGL target not found
Refreshing native plugins compatible for Editor in 0.26 ms, found 0 plugins.
Preloading 0 native plugins for Editor in 0.00 ms.
Invoked RoslynAnalysisRunner static constructor.
RoslynAnalysisRunner will not be running.
RoslynAnalysisRunner has terminated.
Mono: successfully reloaded assembly
- Completed reload, in  0.801 seconds
Platform modules already initialized, skipping
Refreshing native plugins compatible for Editor in 0.26 ms, found 0 plugins.
Preloading 0 native plugins for Editor in 0.00 ms.
Unloading 1108 Unused Serialized files (Serialized files now loaded: 0)
System memory in use before: 62.5 MB.
System memory in use after: 62.6 MB.

Unloading 5 unused Assets to reduce memory usage. Loaded Objects now: 1602.
Total: 2.166100 ms (FindLiveObjects: 0.187800 ms CreateObjectMapping: 0.053100 ms MarkObjects: 1.855100 ms  DeleteObjects: 0.068600 ms)

========================================================================
Received Import Request.
  Time since last request: 42.289344 seconds.
  path: Assets/Enemy/Ramp.prefab
  artifactKey: Guid(b940df629b09f434dbb9fd487257db6c) Importer(815301076,1909f56bfc062723c751e8b465ee728b)
Start importing Assets/Enemy/Ramp.prefab using Guid(b940df629b09f434dbb9fd487257db6c) Importer(815301076,1909f56bfc062723c751e8b465ee728b)  -> (artifact id: '1dff51b3037786b9bddca7666d7681bd') in 0.061083 seconds
  Import took 0.063701 seconds .

========================================================================
Received Import Request.
  Time since last request: 2.025797 seconds.
  path: Assets/Enemy/Ramp.prefab
  artifactKey: Guid(b940df629b09f434dbb9fd487257db6c) Importer(815301076,1909f56bfc062723c751e8b465ee728b)
Start importing Assets/Enemy/Ramp.prefab using Guid(b940df629b09f434dbb9fd487257db6c) Importer(815301076,1909f56bfc062723c751e8b465ee728b)  -> (artifact id: '1dff51b3037786b9bddca7666d7681bd') in 0.010351 seconds
  Import took 0.012966 seconds .

========================================================================
Received Prepare
Registering precompiled user dll's ...
Registered in 0.000611 seconds.
Begin MonoManager ReloadAssembly
Native extension for WindowsStandalone target not found
Native extension for WebGL target not found
Refreshing native plugins compatible for Editor in 0.48 ms, found 0 plugins.
Preloading 0 native plugins for Editor in 0.00 ms.
Invoked RoslynAnalysisRunner static constructor.
RoslynAnalysisRunner will not be running.
RoslynAnalysisRunner has terminated.
Mono: successfully reloaded assembly
- Completed reload, in  0.906 seconds
Platform modules already initialized, skipping
Refreshing native plugins compatible for Editor in 0.22 ms, found 0 plugins.
Preloading 0 native plugins for Editor in 0.00 ms.
Unloading 1108 Unused Serialized files (Serialized files now loaded: 0)
System memory in use before: 62.5 MB.
System memory in use after: 62.6 MB.

Unloading 5 unused Assets to reduce memory usage. Loaded Objects now: 1605.
Total: 1.961100 ms (FindLiveObjects: 0.145500 ms CreateObjectMapping: 0.039300 ms MarkObjects: 1.718300 ms  DeleteObjects: 0.056600 ms)

========================================================================
Received Prepare
Registering precompiled user dll's ...
Registered in 0.000620 seconds.
Begin MonoManager ReloadAssembly
Native extension for WindowsStandalone target not found
Native extension for WebGL target not found
Refreshing native plugins compatible for Editor in 0.29 ms, found 0 plugins.
Preloading 0 native plugins for Editor in 0.00 ms.
Invoked RoslynAnalysisRunner static constructor.
RoslynAnalysisRunner will not be running.
RoslynAnalysisRunner has terminated.
Mono: successfully reloaded assembly
- Completed reload, in  0.944 seconds
Platform modules already initialized, skipping
Refreshing native plugins compatible for Editor in 0.29 ms, found 0 plugins.
Preloading 0 native plugins for Editor in 0.00 ms.
Unloading 1108 Unused Serialized files (Serialized files now loaded: 0)
System memory in use before: 62.6 MB.
System memory in use after: 62.6 MB.

Unloading 5 unused Assets to reduce memory usage. Loaded Objects now: 1607.
Total: 2.125200 ms (FindLiveObjects: 0.148900 ms CreateObjectMapping: 0.042900 ms MarkObjects: 1.869700 ms  DeleteObjects: 0.062700 ms)

