Using pre-set license
Built from '2020.2/staging' branch; Version is '2020.2.5f1 (e2c53f129de5) revision 14861631'; Using compiler version '192528614'; Build Type 'Release'
OS: 'Windows 10 Home Single Language; OS build 19044.1706; Version 2009; 64bit' Language: 'en' Physical Memory: 8074 MB
BatchMode: 1, IsHumanControllingUs: 0, StartBugReporterOnCrash: 0, Is64bit: 1, IsPro: 0

 COMMAND LINE ARGUMENTS:
D:\Unity Editors\Unity 2020.2.5f1\Editor\Unity.exe
-adb2
-batchMode
-noUpm
-name
AssetImportWorker0
-projectPath
D:/Game Development/Unity Developer Folder/Repos/Complete Unity Game Developer 3D/Project Folders/4_Kingdom_Rush/Kingdom Rush
-logFile
Logs/AssetImportWorker0.log
-srvPort
59398
Successfully changed project path to: D:/Game Development/Unity Developer Folder/Repos/Complete Unity Game Developer 3D/Project Folders/4_Kingdom_Rush/Kingdom Rush
D:/Game Development/Unity Developer Folder/Repos/Complete Unity Game Developer 3D/Project Folders/4_Kingdom_Rush/Kingdom Rush
Using Asset Import Pipeline V2.
Refreshing native plugins compatible for Editor in 106.75 ms, found 0 plugins.
Preloading 0 native plugins for Editor in 0.00 ms.
Initialize engine version: 2020.2.5f1 (e2c53f129de5)
[Subsystems] Discovering subsystems at path D:/Unity Editors/Unity 2020.2.5f1/Editor/Data/Resources/UnitySubsystems
[Subsystems] Discovering subsystems at path D:/Game Development/Unity Developer Folder/Repos/Complete Unity Game Developer 3D/Project Folders/4_Kingdom_Rush/Kingdom Rush/Assets
GfxDevice: creating device client; threaded=0
Direct3D:
    Version:  Direct3D 11.0 [level 11.1]
    Renderer: Intel(R) UHD Graphics 620 (ID=0x5917)
    Vendor:   
    VRAM:     4037 MB
    Driver:   30.0.101.1340
Initialize mono
Mono path[0] = 'D:/Unity Editors/Unity 2020.2.5f1/Editor/Data/Managed'
Mono path[1] = 'D:/Unity Editors/Unity 2020.2.5f1/Editor/Data/MonoBleedingEdge/lib/mono/unityjit'
Mono config path = 'D:/Unity Editors/Unity 2020.2.5f1/Editor/Data/MonoBleedingEdge/etc'
Using monoOptions --debugger-agent=transport=dt_socket,embedding=1,server=y,suspend=n,address=127.0.0.1:56220
Begin MonoManager ReloadAssembly
Registering precompiled unity dll's ...
Register platform support module: D:/Unity Editors/Unity 2020.2.5f1/Editor/Data/PlaybackEngines/WebGLSupport/UnityEditor.WebGL.Extensions.dll
Register platform support module: D:/Unity Editors/Unity 2020.2.5f1/Editor/Data/PlaybackEngines/WindowsStandaloneSupport/UnityEditor.WindowsStandalone.Extensions.dll
Registered in 0.004240 seconds.
Native extension for WindowsStandalone target not found
Native extension for WebGL target not found
Refreshing native plugins compatible for Editor in 62.56 ms, found 0 plugins.
Preloading 0 native plugins for Editor in 0.00 ms.
Invoked RoslynAnalysisRunner static constructor.
RoslynAnalysisRunner will not be running.
RoslynAnalysisRunner has terminated.
Mono: successfully reloaded assembly
- Completed reload, in  3.721 seconds
Platform modules already initialized, skipping
Registering precompiled user dll's ...
Registered in 0.001192 seconds.
Begin MonoManager ReloadAssembly
Native extension for WindowsStandalone target not found
Native extension for WebGL target not found
Refreshing native plugins compatible for Editor in 0.53 ms, found 0 plugins.
Preloading 0 native plugins for Editor in 0.00 ms.
Invoked RoslynAnalysisRunner static constructor.
RoslynAnalysisRunner will not be running.
RoslynAnalysisRunner has terminated.
Mono: successfully reloaded assembly
- Completed reload, in  2.547 seconds
Platform modules already initialized, skipping
========================================================================
Worker process is ready to serve import requests
Launched and connected shader compiler UnityShaderCompiler.exe after 0.18 seconds
Refreshing native plugins compatible for Editor in 0.49 ms, found 0 plugins.
Preloading 0 native plugins for Editor in 0.00 ms.
Unloading 1128 Unused Serialized files (Serialized files now loaded: 0)
System memory in use before: 59.9 MB.
System memory in use after: 59.9 MB.

Unloading 10 unused Assets to reduce memory usage. Loaded Objects now: 1570.
Total: 6.060700 ms (FindLiveObjects: 0.384900 ms CreateObjectMapping: 0.180700 ms MarkObjects: 5.221500 ms  DeleteObjects: 0.269400 ms)

========================================================================
Received Import Request.
  path: Assets/Tiles/Tile_ShoreHorizontal180.prefab
  artifactKey: Guid(946e407c063886e40b880df9baf87039) Importer(815301076,1909f56bfc062723c751e8b465ee728b)
Start importing Assets/Tiles/Tile_ShoreHorizontal180.prefab using Guid(946e407c063886e40b880df9baf87039) Importer(815301076,1909f56bfc062723c751e8b465ee728b)  -> (artifact id: '62d5fcc3775d7f8b8e788a52a86ae776') in 0.996086 seconds
  Import took 1.015555 seconds .

========================================================================
Received Import Request.
  Time since last request: 0.000342 seconds.
  path: Assets/Tiles/Tile_ShoreHalf2.prefab
  artifactKey: Guid(382c045ce249a6b42b567fd420703ee6) Importer(815301076,1909f56bfc062723c751e8b465ee728b)
Start importing Assets/Tiles/Tile_ShoreHalf2.prefab using Guid(382c045ce249a6b42b567fd420703ee6) Importer(815301076,1909f56bfc062723c751e8b465ee728b)  -> (artifact id: 'ae79bd1eda143714342e87c452c4760c') in 0.080041 seconds
  Import took 0.096170 seconds .

========================================================================
Received Import Request.
  Time since last request: 0.000759 seconds.
  path: Assets/Tiles/Tile_ShoreVertical180.prefab
  artifactKey: Guid(8a3f4dff018eb0940a01a03b06277b02) Importer(815301076,1909f56bfc062723c751e8b465ee728b)
Start importing Assets/Tiles/Tile_ShoreVertical180.prefab using Guid(8a3f4dff018eb0940a01a03b06277b02) Importer(815301076,1909f56bfc062723c751e8b465ee728b)  -> (artifact id: '1a9217a983298658e7b37801764a0d3e') in 0.128473 seconds
  Import took 0.138650 seconds .

========================================================================
Received Import Request.
  Time since last request: 0.000751 seconds.
  path: Assets/Tiles/Tile_RoadCorner90.prefab
  artifactKey: Guid(ead0c8a6c81cd1c44a951d01ecc9be3a) Importer(815301076,1909f56bfc062723c751e8b465ee728b)
Start importing Assets/Tiles/Tile_RoadCorner90.prefab using Guid(ead0c8a6c81cd1c44a951d01ecc9be3a) Importer(815301076,1909f56bfc062723c751e8b465ee728b)  -> (artifact id: 'a33911950221e4afc4bcf0335c5c37b4') in 0.407730 seconds
  Import took 0.724082 seconds .

========================================================================
Received Import Request.
  Time since last request: 0.000782 seconds.
  path: Assets/Tiles/Tile_ShoreCorner.prefab
  artifactKey: Guid(08e4e33fff9ffda44ba43ff3a995a21c) Importer(815301076,1909f56bfc062723c751e8b465ee728b)
Start importing Assets/Tiles/Tile_ShoreCorner.prefab using Guid(08e4e33fff9ffda44ba43ff3a995a21c) Importer(815301076,1909f56bfc062723c751e8b465ee728b)  -> (artifact id: '641dcfb6556790f94f7ecb2472c1b1e9') in 0.138727 seconds
  Import took 0.535358 seconds .

========================================================================
Received Import Request.
  Time since last request: 0.000807 seconds.
  path: Assets/Tiles/Tile_RoadStraight90.prefab
  artifactKey: Guid(25e7f24b9e119cf4e822fce3a5cb31ec) Importer(815301076,1909f56bfc062723c751e8b465ee728b)
Start importing Assets/Tiles/Tile_RoadStraight90.prefab using Guid(25e7f24b9e119cf4e822fce3a5cb31ec) Importer(815301076,1909f56bfc062723c751e8b465ee728b)  -> (artifact id: '052e3a6975ca23775d3a224ac228f86d') in 0.072358 seconds
  Import took 0.091735 seconds .

========================================================================
Received Import Request.
  Time since last request: 0.000573 seconds.
  path: Assets/Tiles/Tile_ShoreVertical.prefab
  artifactKey: Guid(f6f525ad25376b1479152157fc248f90) Importer(815301076,1909f56bfc062723c751e8b465ee728b)
Start importing Assets/Tiles/Tile_ShoreVertical.prefab using Guid(f6f525ad25376b1479152157fc248f90) Importer(815301076,1909f56bfc062723c751e8b465ee728b)  -> (artifact id: '8650f3c52817586ecdbe56e214d40f5a') in 0.065634 seconds
  Import took 0.156910 seconds .

========================================================================
Received Import Request.
  Time since last request: 0.000518 seconds.
  path: Assets/Tiles/Tile_RoadCorner.prefab
  artifactKey: Guid(6f5c690b82ac9ee4c9292083f03f5f53) Importer(815301076,1909f56bfc062723c751e8b465ee728b)
Start importing Assets/Tiles/Tile_RoadCorner.prefab using Guid(6f5c690b82ac9ee4c9292083f03f5f53) Importer(815301076,1909f56bfc062723c751e8b465ee728b)  -> (artifact id: '9be8314f64ef25b5014730ba3f39b81f') in 0.075687 seconds
  Import took 0.105352 seconds .

========================================================================
Received Import Request.
  Time since last request: 0.000547 seconds.
  path: Assets/Tiles/Tile_ShoreHalf.prefab
  artifactKey: Guid(60a0a493bd80cd347b4418021ca6f41b) Importer(815301076,1909f56bfc062723c751e8b465ee728b)
Start importing Assets/Tiles/Tile_ShoreHalf.prefab using Guid(60a0a493bd80cd347b4418021ca6f41b) Importer(815301076,1909f56bfc062723c751e8b465ee728b)  -> (artifact id: '496f094cac09e3c3f4eb3fedf52f20c5') in 0.086016 seconds
  Import took 0.171340 seconds .

========================================================================
Received Import Request.
  Time since last request: 0.000679 seconds.
  path: Assets/Tiles/Tile_Shore.prefab
  artifactKey: Guid(c8f21323998ff8f419d4352664d36d50) Importer(815301076,1909f56bfc062723c751e8b465ee728b)
Start importing Assets/Tiles/Tile_Shore.prefab using Guid(c8f21323998ff8f419d4352664d36d50) Importer(815301076,1909f56bfc062723c751e8b465ee728b)  -> (artifact id: 'a448ed8d79b7bd4bc3cc2470551ef839') in 0.083368 seconds
  Import took 0.088458 seconds .

========================================================================
Received Import Request.
  Time since last request: 0.000416 seconds.
  path: Assets/Tiles/Tile_RoadCorner270.prefab
  artifactKey: Guid(f8b9643671cec68478a3e739d1cd6f7d) Importer(815301076,1909f56bfc062723c751e8b465ee728b)
Start importing Assets/Tiles/Tile_RoadCorner270.prefab using Guid(f8b9643671cec68478a3e739d1cd6f7d) Importer(815301076,1909f56bfc062723c751e8b465ee728b)  -> (artifact id: 'ab319f6ae887e68d98f36f08609963f5') in 0.069932 seconds
  Import took 0.223633 seconds .

========================================================================
Received Import Request.
  Time since last request: 0.000420 seconds.
  path: Assets/Tiles/Tile_ShoreHorizontal.prefab
  artifactKey: Guid(704f458f5d3a048499d10cac2325ed74) Importer(815301076,1909f56bfc062723c751e8b465ee728b)
Start importing Assets/Tiles/Tile_ShoreHorizontal.prefab using Guid(704f458f5d3a048499d10cac2325ed74) Importer(815301076,1909f56bfc062723c751e8b465ee728b)  -> (artifact id: '5c2503354462a0b3347446828befbbfe') in 0.087903 seconds
  Import took 0.122909 seconds .

========================================================================
Received Import Request.
  Time since last request: 0.000527 seconds.
  path: Assets/Tiles/Tile_RoadCorner180.prefab
  artifactKey: Guid(955db8d06c0425c43961f3679a4010a5) Importer(815301076,1909f56bfc062723c751e8b465ee728b)
Start importing Assets/Tiles/Tile_RoadCorner180.prefab using Guid(955db8d06c0425c43961f3679a4010a5) Importer(815301076,1909f56bfc062723c751e8b465ee728b)  -> (artifact id: '0885f44dc3a7096c0e03afb55805c021') in 0.089162 seconds
  Import took 0.099222 seconds .

========================================================================
Received Import Request.
  Time since last request: 0.000487 seconds.
  path: Assets/Tiles/Tile_RoadStraight.prefab
  artifactKey: Guid(f0a3abed39f9548429ca96a011792f06) Importer(815301076,1909f56bfc062723c751e8b465ee728b)
Start importing Assets/Tiles/Tile_RoadStraight.prefab using Guid(f0a3abed39f9548429ca96a011792f06) Importer(815301076,1909f56bfc062723c751e8b465ee728b)  -> (artifact id: '8aacab917862ec9004f12e453fa50bf6') in 0.126166 seconds
  Import took 0.173025 seconds .

========================================================================
Received Import Request.
  Time since last request: 0.000802 seconds.
  path: Assets/Tiles/Tile_ShoreCorner180.prefab
  artifactKey: Guid(4938ffed438003e4197fb7333e335fd2) Importer(815301076,1909f56bfc062723c751e8b465ee728b)
Start importing Assets/Tiles/Tile_ShoreCorner180.prefab using Guid(4938ffed438003e4197fb7333e335fd2) Importer(815301076,1909f56bfc062723c751e8b465ee728b)  -> (artifact id: 'a3cf94156867805db729d0719d6e70d2') in 0.084058 seconds
  Import took 0.091177 seconds .

========================================================================
Received Import Request.
  Time since last request: 0.000478 seconds.
  path: Assets/Tiles/Tile.prefab
  artifactKey: Guid(396cce7993a0ef84bbe2362420e65317) Importer(815301076,1909f56bfc062723c751e8b465ee728b)
Start importing Assets/Tiles/Tile.prefab using Guid(396cce7993a0ef84bbe2362420e65317) Importer(815301076,1909f56bfc062723c751e8b465ee728b)  -> (artifact id: '70bb27910e72e2e4fd3799ef91fdfb68') in 0.134724 seconds
  Import took 0.172183 seconds .

========================================================================
Received Import Request.
  Time since last request: 4.111626 seconds.
  path: Assets/Tiles/Tile.prefab
  artifactKey: Guid(396cce7993a0ef84bbe2362420e65317) Importer(815301076,1909f56bfc062723c751e8b465ee728b)
Start importing Assets/Tiles/Tile.prefab using Guid(396cce7993a0ef84bbe2362420e65317) Importer(815301076,1909f56bfc062723c751e8b465ee728b)  -> (artifact id: 'fb44b7d4ccd3c4404cc3ebaa56d75094') in 0.063255 seconds
  Import took 0.078963 seconds .

========================================================================
Received Prepare
Registering precompiled user dll's ...
Registered in 0.001180 seconds.
Begin MonoManager ReloadAssembly
Native extension for WindowsStandalone target not found
Native extension for WebGL target not found
Refreshing native plugins compatible for Editor in 0.41 ms, found 0 plugins.
Preloading 0 native plugins for Editor in 0.00 ms.
Invoked RoslynAnalysisRunner static constructor.
RoslynAnalysisRunner will not be running.
RoslynAnalysisRunner has terminated.
Mono: successfully reloaded assembly
- Completed reload, in  2.026 seconds
Platform modules already initialized, skipping
Refreshing native plugins compatible for Editor in 0.34 ms, found 0 plugins.
Preloading 0 native plugins for Editor in 0.00 ms.
Unloading 1110 Unused Serialized files (Serialized files now loaded: 0)
System memory in use before: 62.3 MB.
System memory in use after: 62.4 MB.

Unloading 5 unused Assets to reduce memory usage. Loaded Objects now: 1579.
Total: 2.932600 ms (FindLiveObjects: 0.205100 ms CreateObjectMapping: 0.060900 ms MarkObjects: 2.560200 ms  DeleteObjects: 0.104000 ms)

AssetImportWorkerClient::OnTransportError - code=2 error=End of file
